<?xml version="1.0" encoding="UTF-8"?>
<coverage generated="1629185718699" clover="3.2.0">
  <project timestamp="1629185718699" name="All files">
    <metrics statements="27" coveredstatements="15" conditionals="0" coveredconditionals="0" methods="14" coveredmethods="2" elements="41" coveredelements="17" complexity="0" loc="27" ncloc="27" packages="2" files="3" classes="3"/>
    <package name="goal-tracker">
      <metrics statements="15" coveredstatements="7" conditionals="0" coveredconditionals="0" methods="10" coveredmethods="1"/>
      <file name="App.js" path="/Users/ekipkalir/00_EK_Capgemini_Business/2_React_Docs/01_react-native/goal-tracker/App.js">
        <metrics statements="15" coveredstatements="7" conditionals="0" coveredconditionals="0" methods="10" coveredmethods="1"/>
        <line num="7" count="1" type="stmt"/>
        <line num="8" count="1" type="stmt"/>
        <line num="10" count="1" type="stmt"/>
        <line num="11" count="0" type="stmt"/>
        <line num="15" count="0" type="stmt"/>
        <line num="18" count="1" type="stmt"/>
        <line num="19" count="0" type="stmt"/>
        <line num="20" count="0" type="stmt"/>
        <line num="24" count="1" type="stmt"/>
        <line num="25" count="0" type="stmt"/>
        <line num="28" count="1" type="stmt"/>
        <line num="30" count="0" type="stmt"/>
        <line num="37" count="0" type="stmt"/>
        <line num="40" count="0" type="stmt"/>
        <line num="51" count="1" type="stmt"/>
      </file>
    </package>
    <package name="goal-tracker.components">
      <metrics statements="12" coveredstatements="8" conditionals="0" coveredconditionals="0" methods="4" coveredmethods="1"/>
      <file name="GoalInput.js" path="/Users/ekipkalir/00_EK_Capgemini_Business/2_React_Docs/01_react-native/goal-tracker/components/GoalInput.js">
        <metrics statements="9" coveredstatements="6" conditionals="0" coveredconditionals="0" methods="3" coveredmethods="1"/>
        <line num="4" count="2" type="stmt"/>
        <line num="5" count="2" type="stmt"/>
        <line num="7" count="2" type="stmt"/>
        <line num="8" count="0" type="stmt"/>
        <line num="11" count="2" type="stmt"/>
        <line num="12" count="0" type="stmt"/>
        <line num="13" count="0" type="stmt"/>
        <line num="16" count="2" type="stmt"/>
        <line num="38" count="2" type="stmt"/>
      </file>
      <file name="GoalItem.js" path="/Users/ekipkalir/00_EK_Capgemini_Business/2_React_Docs/01_react-native/goal-tracker/components/GoalItem.js">
        <metrics statements="3" coveredstatements="2" conditionals="0" coveredconditionals="0" methods="1" coveredmethods="0"/>
        <line num="4" count="1" type="stmt"/>
        <line num="5" count="0" type="stmt"/>
        <line num="14" count="1" type="stmt"/>
      </file>
    </package>
  </project>
</coverage>
