TN:
SF:App.js
FN:6,App
FN:10,(anonymous_1)
FN:11,(anonymous_2)
FN:18,(anonymous_3)
FN:19,(anonymous_4)
FN:20,(anonymous_5)
FN:24,(anonymous_6)
FN:30,(anonymous_7)
FN:37,(anonymous_8)
FN:39,(anonymous_9)
FNF:10
FNH:1
FNDA:1,App
FNDA:0,(anonymous_1)
FNDA:0,(anonymous_2)
FNDA:0,(anonymous_3)
FNDA:0,(anonymous_4)
FNDA:0,(anonymous_5)
FNDA:0,(anonymous_6)
FNDA:0,(anonymous_7)
FNDA:0,(anonymous_8)
FNDA:0,(anonymous_9)
DA:7,1
DA:8,1
DA:10,1
DA:11,0
DA:15,0
DA:18,1
DA:19,0
DA:20,0
DA:24,1
DA:25,0
DA:28,1
DA:30,0
DA:37,0
DA:40,0
DA:51,1
LF:15
LH:7
BRF:0
BRH:0
end_of_record
TN:
SF:components/GoalInput.js
FN:4,(anonymous_0)
FN:7,(anonymous_1)
FN:11,(anonymous_2)
FNF:3
FNH:1
FNDA:2,(anonymous_0)
FNDA:0,(anonymous_1)
FNDA:0,(anonymous_2)
DA:4,2
DA:5,2
DA:7,2
DA:8,0
DA:11,2
DA:12,0
DA:13,0
DA:16,2
DA:38,2
LF:9
LH:6
BRF:0
BRH:0
end_of_record
TN:
SF:components/GoalItem.js
FN:4,(anonymous_0)
FNF:1
FNH:0
FNDA:0,(anonymous_0)
DA:4,1
DA:5,0
DA:14,1
LF:3
LH:2
BRF:0
BRH:0
end_of_record
